Sun Jan 14 22:43:56 2024
: Wybrano opcje : Generuj wykres
Sun Jan 14 22:45:05 2024
: Wybrano opcje : Generuj wykres
Sun Jan 14 22:45:06 2024
: Wybrano opcje : Wyswietl kawalek wykresu
Sun Jan 14 22:49:13 2024
: Wybrano opcje : Wyswietl kawalek wykresu
Sun Jan 14 22:49:15 2024
: Wybrano opcje : Generuj wykres
Sun Jan 14 22:49:34 2024
: Wybrano opcje : Zakoncz program
Sun Jan 14 22:50:03 2024
: Wybrano opcje : Generuj wykres
Sun Jan 14 22:50:04 2024
: Wybrano opcje : Wyswietl kawalek wykresu
Sun Jan 14 22:50:19 2024
: Wybrano opcje : Zakoncz program
Sun Jan 14 22:53:20 2024
: Wybrano opcje : Generuj wykres
Sun Jan 14 22:53:23 2024
: Wybrano opcje : Wyswietl kawalek wykresu
Sun Jan 14 22:53:26 2024
: Wybrano opcje : Zakoncz program
Sun Jan 14 22:56:06 2024
: Wybrano opcje : Generuj wykres
Sun Jan 14 22:56:08 2024
: Wybrano opcje : Wyswietl kawalek wykresu
Sun Jan 14 22:56:10 2024
: Wybrano opcje : Zakoncz program
Sun Jan 14 23:14:01 2024
: Wybrano opcje : Generuj wykres
Sun Jan 14 23:14:06 2024
: Wybrano opcje : Wyswietl kawalek wykresu
Sun Jan 14 23:22:51 2024
: Wybrano opcje : Generuj wykres
Sun Jan 14 23:23:15 2024
: Wybrano opcje : Zmien szerokosc wykresu
Sun Jan 14 23:23:44 2024
: Wybrano opcje : Zmien szerokosc wykresu
Sun Jan 14 23:24:04 2024
: Wybrano opcje : Wyswietl kawalek wykresu
Sun Jan 14 23:24:08 2024
: Wybrano opcje : Zakoncz program
Sun Jan 14 23:26:06 2024
: Wybrano opcje : Wyswietl kawalek wykresu
Sun Jan 14 23:26:11 2024
: Wybrano opcje : Zakoncz program
Tue Jan 16 22:59:41 2024
: Wybrano opcje : Wyswietl kawalek wykresu
Thu Jan 18 01:01:05 2024
: Wybrano opcje : Generuj wykres
Thu Jan 18 01:01:34 2024
: Wybrano opcje : Generuj wykres
Thu Jan 18 01:01:52 2024
: Wybrano opcje : Generuj wykres
Thu Jan 18 01:02:51 2024
: Wybrano opcje : Zmien wysokosc wykresu
Thu Jan 18 01:03:34 2024
: Wybrano opcje : Zmien szerokosc wykresu
Thu Jan 18 01:04:18 2024
: Wybrano opcje : Wyswietl kawalek wykresu
Thu Jan 18 22:14:51 2024
: Wybrano opcje : Wyswietl kawalek wykresu
Thu Jan 18 22:15:23 2024
: Wybrano opcje : Wyswietl kawalek wykresu
Fri Jan 19 06:38:25 2024
: Wybrano opcje : Zakoncz program
Sun Feb 18 15:55:53 2024
: Wybrano opcje : Generuj wykres
Sun Feb 18 15:56:10 2024
: Wybrano opcje : Zakoncz program
